Copyright 1986-2022 Xilinx, Inc. All Rights Reserved.
---------------------------------------------------------------------------------------------------------------------------------------
| Tool Version : Vivado v.2022.1 (win64) Build 3526262 Mon Apr 18 15:48:16 MDT 2022
| Date         : Tue Feb 17 17:03:47 2026
| Host         : LAPTOP-9FF0L5N1 running 64-bit major release  (build 9200)
| Command      : report_drc -file design_1_wrapper_drc_opted.rpt -pb design_1_wrapper_drc_opted.pb -rpx design_1_wrapper_drc_opted.rpx
| Design       : design_1_wrapper
| Device       : xczu7cg-ffvc1156-2-i
| Speed File   : -2
| Design State : Synthesized
---------------------------------------------------------------------------------------------------------------------------------------

Report DRC

Table of Contents
-----------------
1. REPORT SUMMARY
2. REPORT DETAILS

1. REPORT SUMMARY
-----------------
            Netlist: netlist
          Floorplan: design_1
      Design limits: <entire design considered>
           Ruledeck: default
             Max violations: <unlimited>
             Violations found: 1
+--------+----------+--------------------------+------------+
| Rule   | Severity | Description              | Violations |
+--------+----------+--------------------------+------------+
| BUFC-1 | Warning  | Input Buffer Connections | 1          |
+--------+----------+--------------------------+------------+

2. REPORT DETAILS
-----------------
BUFC-1#1 Warning
Input Buffer Connections  
Input buffer design_1_i/hdc302x_i2c_master_0/inst/IOBUF_SCL/IBUFCTRL_INST (in design_1_i/hdc302x_i2c_master_0/inst/IOBUF_SCL macro) has no loads. It is recommended to have an input buffer drive an internal load.
Related violations: <none>


